{"type": "Floor", "simtype": "ktree", "filename": "3DObjects/Floor/floor.urdf", "immobile": true, "fn": {}, "customStateVariables": {}}
{"type": "Abe", "simtype": "ktree", "filename": "3DObjects/Abe/abe.urdf", "immobile": true, "fn": {"canGrasp": true, "grasping": {"effectors": ["hand_left_roll", "hand_right_roll"]}, "kinematicControl": {"accelerationLimitSquared": {"base_yaw": 0.001, "hand_right_roll": 0.001, "hand_left_roll": 0.001}, "method": "transpose", "endEffectors": ["hand_left", "hand_right", "base"], "efLink": {"hand_left": "hand_left_roll", "hand_right": "hand_right_roll", "base": "base_yaw"}, "availableDoFs": {"base": ["world_to_base_x", "base_x_to_base_y", "base_y_to_base_yaw"], "hand_left": ["hand_left_base_to_hand_left_x", "hand_left_x_to_hand_left_y", "hand_left_y_to_hand_left_z", "hand_left_z_to_hand_left_yaw", "hand_left_yaw_to_hand_left_pitch", "hand_left_pitch_to_hand_left_roll"], "hand_right": ["hand_right_base_to_hand_right_x", "hand_right_x_to_hand_right_y", "hand_right_y_to_hand_right_z", "hand_right_z_to_hand_right_yaw", "hand_right_yaw_to_hand_right_pitch", "hand_right_pitch_to_hand_right_roll"]}}, "kinematicallyControlable": true}, "customStateVariables": {"grasping": {"intendToGrasp": {"hand_left_roll": [], "hand_right_roll": []}, "actuallyGrasping": {"hand_left_roll": [], "hand_right_roll": []}}, "kinematicControl": {"target": {}}}}
{"type": "KitchenCounter", "simtype": "ktree", "filename": "3DObjects/KitchenCounter/kitchen_counter.urdf", "immobile": true, "fn": {"canContain": true, "canSupport": true, "supporting": {"links": ["countertop"]}}, "customStateVariables": {}}
{"type": "EggInShell", "simtype": "ktree", "filename": "3DObjects/Egg/egg.urdf", "fn": {"crackable": true, "graspable": true, "cracking": {"force": 3}}, "customStateVariables": {}}
{"type": "CrackedEggshellFlatHalf", "simtype": "ktree", "filename": "3DObjects/Egg/cracked_eggshell_flat_half.urdf", "fn": {"graspable": true}, "customStateVariables": {}}
{"type": "CrackedEggshellPointyHalf", "simtype": "ktree", "filename": "3DObjects/Egg/cracked_eggshell_pointy_half.urdf", "fn": {"graspable": true}, "customStateVariables": {}}
{"type": "EggWhiteParticle", "simtype": "ktree", "filename": "3DObjects/Egg/eggwhite_particle.urdf", "fn": {}, "customStateVariables": {}}
{"type": "EggYolkParticle", "simtype": "ktree", "filename": "3DObjects/Egg/eggyolk_particle.urdf", "fn": {}, "customStateVariables": {}}
{"type": "Potato", "simtype": "ktree", "filename": "3DObjects/Potato/potato.urdf", "fn": {"peelable": true, "graspable": true, "peeling": {"radius": 0.1}}, "customStateVariables": {"peeling": {"hp": 10}}}
{"type": "PeeledPotato", "simtype": "ktree", "filename": "3DObjects/Potato/peeled_potato.urdf", "fn": {"graspable": true, "mashable": true, "mashing": {"masherVelocity": 0.1, "radius": 0.1}}, "customStateVariables": {"mashing": {"hp": 4}}}
{"type": "PotatoPeel", "simtype": "ktree", "filename": "3DObjects/Potato/potato_peel.urdf", "fn": {}, "customStateVariables": {}}
{"type": "PotatoParticle", "simtype": "ktree", "filename": "3DObjects/Potato/potato_particle.urdf", "fn": {}, "customStateVariables": {}}
{"type": "Masher", "simtype": "ktree", "filename": "3DObjects/Masher/masher.urdf", "fn": {"canMash": true, "graspable": true, "mashing": {"links": ["masher"], "axis": {"masher": [1,0,0]}}}, "customStateVariables": {}}
{"type": "CookingKnife", "simtype": "ktree", "filename": "3DObjects/CookingKnife/cooking_knife.urdf", "fn": {"canCut": true, "canPeel": true, "canSeed": true, "canSkim": true, "canSpread": true, "graspable": true, "skimming": {"links": ["blade"], "radius": 0.07}, "spreading": {"axis": {"blade": [0,0,-1]}, "radius": 0.07, "links": ["blade"]}, "wiping": {"links": ["blade"]}, "cutting": {"links": ["blade"], "axis": {"blade": [0,0,-1]}}, "peeling": {"links": ["blade"], "axis": {"blade": [0,0,-1]}}, "seeding": {"links": ["blade"], "axis": {"blade": [0,0,-1]}}}, "customStateVariables": {"wiping": {"carrying": {"hp": {"blade": 20}, "substances": {"blade": {}}}}}}
{"type": "Apple", "simtype": "ktree", "filename": "3DObjects/Apple/apple.urdf", "fn": {"cuttable": true, "cutting": {"force": 0.3}}, "customStateVariables": {}}
{"type": "HalfApple", "simtype": "ktree", "filename": "3DObjects/Apple/half_apple.urdf", "fn": {"seedable": true, "seeding": {"radius": 0.1, "links": ["seeds"]}}, "customStateVariables": {"seeding": {"hp": 10}}}
{"type": "SeededHalfApple", "simtype": "ktree", "filename": "3DObjects/Apple/seeded_half_apple.urdf", "fn": {}, "customStateVariables": {}}
{"type": "AppleSeed", "simtype": "ktree", "filename": "3DObjects/Apple/apple_seed.urdf", "fn": {}, "customStateVariables": {}}
{"type": "PepperShaker", "simtype": "ktree", "filename": "3DObjects/PepperShaker/pepper_shaker.urdf", "fn": {"graspable": true, "pourable": true, "pouring": {"links": ["body"], "hp": {"body": 240}, "axis": {"body": [0,0,1]}}}, "customStateVariables": {"pouring": {"hp": {"body": 240}}}}
{"type": "PepperParticle", "simtype": "ktree", "filename": "3DObjects/PepperShaker/pepper_particle.urdf", "fn": {"absorbable": true, "consumable": true}, "customStateVariables": {}}
{"type": "Bread", "simtype": "ktree", "filename": "3DObjects/Bread/bread.urdf", "fn": {"cuttable": true, "graspable": true, "cutting": {"force": 0.3}}, "customStateVariables": {}}
{"type": "BreadSlice", "simtype": "ktree", "filename": "3DObjects/Bread/bread_slice.urdf", "fn": {"canBeSpreadUpon": true, "spreading": {"radius": 0.07}}, "customStateVariables": {"spreading": {"Butter": {"hp": 15}}}}
{"type": "ButteredBreadSlice", "simtype": "ktree", "filename": "3DObjects/Bread/buttered_bread_slice.urdf", "fn": {"canAbsorb": true}, "customStateVariables": {"absorbing": {"PepperParticle": {"hp": 3}}, "consuming": {"accumulator": {}}}}
{"type": "PepperedButteredBreadSlice", "simtype": "ktree", "filename": "3DObjects/Bread/peppered_buttered_bread_slice.urdf", "fn": {}, "customStateVariables": {"consuming": {"accumulator": {}}}}
{"type": "Butter", "simtype": "ktree", "filename": "3DObjects/Butter/butter.urdf", "fn": {"skimmable": true}, "customStateVariables": {}}

