{"outcome": 
    {
"cracking": 
        {"EggInShell": {"default":
                           {"toReplace": "CrackedEggshellFlatHalf",
                            "toAdd": [["CrackedEggshellPointyHalf", [[[0,0,0.01], [0,0,0,1]]]],
                                      ["EggYolkParticle", [[[0, 0.015, 0], [0, 0, 0, 1]],
                                                           [[0.015, -0.01, 0], [0, 0, 0, 1]],
                                                           [[-0.015, -0.01, 0], [0, 0, 0, 1]],
                                                           [[0, 0, 0.02], [0, 0, 0, 1]]]],
                                      ["EggWhiteParticle", [[[0.025, 0.015, 0.02], [0, 0, 0, 1]],
                                                            [[-0.025, 0.015, 0.02], [0, 0, 0, 1]],
                                                            [[0, -0.03, 0.02], [0, 0, 0, 1]],
                                                            [[0.025, 0.015, -0.02], [0, 0, 0, 1]],
                                                            [[-0.025, 0.015, -0.02], [0, 0, 0, 1]],
                                                            [[0, -0.03, -0.02], [0, 0, 0, 1]]]]]}}},
"mashing":
        {"PeeledPotato": {"default":
                             {"toDelete": true,
                              "toAdd": [["PotatoParticle", [[[0,0,0], [0,0,0,1]],
                                                            [[0,0.03,0], [0,0,0,1]],
                                                            [[0,0.06,0], [0,0,0,1]],
                                                            [[0,0.09,0], [0,0,0,1]],
                                                            [[0,-0.03,0], [0,0,0,1]],
                                                            [[0,-0.06,0], [0,0,0,1]],
                                                            [[0,-0.09,0], [0,0,0,1]],
                                                            [[0,0.075,0.025], [0,0,0,1]],
                                                            [[0,0.045,0.025], [0,0,0,1]],
                                                            [[0,0.015,0.025], [0,0,0,1]],
                                                            [[0,-0.075,0.025], [0,0,0,1]],
                                                            [[0,-0.045,0.025], [0,0,0,1]],
                                                            [[0,-0.015,0.025], [0,0,0,1]],
                                                            [[0,0.075,-0.025], [0,0,0,1]],
                                                            [[0,0.045,-0.025], [0,0,0,1]],
                                                            [[0,0.015,-0.025], [0,0,0,1]],
                                                            [[0,-0.075,-0.025], [0,0,0,1]],
                                                            [[0,-0.045,-0.025], [0,0,0,1]],
                                                            [[0,-0.015,-0.025], [0,0,0,1]]]]]}}},
"cutting":
        {"Apple": {"default":
                      {"toDelete": true,
                       "toAdd": [["HalfApple", [[[0.022,  0, 0], [0,0,0,1]],
                                                [[-0.022, 0, 0], [0,0,1,0]]]]]}}},
"seeding":
        {"HalfApple": {"default":
                          {"toReplace": "SeededHalfApple",
                           "toAdd": [["AppleSeed", [[[-0.03,0.016,-0.018], [0.177,0,0,0.984]],
                                                    [[-0.03,-0.016,-0.018], [-0.177,0,0,0.984]]]]]}}},
"peeling":
        {"Potato": {"default":
                       {"toReplace": "PeeledPotato",
                        "toAdd": [["PotatoPeel", [[[-0.034, 0,  0.058], [0, 0.5,   0,  0.866]],
                                                  [[ 0.034, 0,  0.058], [0, 0.866, 0,  0.5]],
                                                  [[ 0.068, 0,  0],     [0, 1,     0,  0]],
                                                  [[ 0.034, 0, -0.058], [0, 0.866, 0, -0.5]],
                                                  [[-0.034, 0, -0.058], [0, 0.5,   0, -0.866]],
                                                  [[-0.068, 0,  0],     [0, 0,     0,  1]]]]]}}}
    }
}

